Using pre-set license
Built from '2021.3/staging' branch; Version is '2021.3.15f1 (e8e88683f834) revision 15263878'; Using compiler version '192829333'; Build Type 'Release'
OS: 'Windows 11  (10.0.22621) 64bit Professional' Language: 'ko' Physical Memory: 15776 MB
BatchMode: 1, IsHumanControllingUs: 0, StartBugReporterOnCrash: 0, Is64bit: 1, IsPro: 1

COMMAND LINE ARGUMENTS:
C:\Program Files\Unity\Hub\Editor\2021.3.15f1\Editor\Unity.exe
-adb2
-batchMode
-noUpm
-name
AssetImportWorker10
-projectPath
C:/work/workplace-unity/SudokuCalculApplication
-logFile
Logs/AssetImportWorker10.log
-srvPort
57066
Successfully changed project path to: C:/work/workplace-unity/SudokuCalculApplication
C:/work/workplace-unity/SudokuCalculApplication
[UnityMemory] Configuration Parameters - Can be set up in boot.config
    "memorysetup-bucket-allocator-granularity=16"
    "memorysetup-bucket-allocator-bucket-count=8"
    "memorysetup-bucket-allocator-block-size=33554432"
    "memorysetup-bucket-allocator-block-count=8"
    "memorysetup-main-allocator-block-size=16777216"
    "memorysetup-thread-allocator-block-size=16777216"
    "memorysetup-gfx-main-allocator-block-size=16777216"
    "memorysetup-gfx-thread-allocator-block-size=16777216"
    "memorysetup-cache-allocator-block-size=4194304"
    "memorysetup-typetree-allocator-block-size=2097152"
    "memorysetup-profiler-bucket-allocator-granularity=16"
    "memorysetup-profiler-bucket-allocator-bucket-count=8"
    "memorysetup-profiler-bucket-allocator-block-size=33554432"
    "memorysetup-profiler-bucket-allocator-block-count=8"
    "memorysetup-profiler-allocator-block-size=16777216"
    "memorysetup-profiler-editor-allocator-block-size=1048576"
    "memorysetup-temp-allocator-size-main=16777216"
    "memorysetup-job-temp-allocator-block-size=2097152"
    "memorysetup-job-temp-allocator-block-size-background=1048576"
    "memorysetup-job-temp-allocator-reduction-small-platforms=262144"
    "memorysetup-temp-allocator-size-background-worker=32768"
    "memorysetup-temp-allocator-size-job-worker=262144"
    "memorysetup-temp-allocator-size-preload-manager=33554432"
    "memorysetup-temp-allocator-size-nav-mesh-worker=65536"
    "memorysetup-temp-allocator-size-audio-worker=65536"
    "memorysetup-temp-allocator-size-cloud-worker=32768"
    "memorysetup-temp-allocator-size-gi-baking-worker=262144"
    "memorysetup-temp-allocator-size-gfx=262144"
Player connection [38792] Host "[IP] 192.168.0.19 [Port] 0 [Flags] 2 [Guid] 3918992446 [EditorId] 3918992446 [Version] 1048832 [Id] WindowsEditor(7,DESKTOP-72KLFMT) [Debug] 1 [PackageName] WindowsEditor [ProjectName] Editor" joined multi-casting on [225.0.0.222:54997]...

Player connection [38792] Host "[IP] 192.168.0.19 [Port] 0 [Flags] 2 [Guid] 3918992446 [EditorId] 3918992446 [Version] 1048832 [Id] WindowsEditor(7,DESKTOP-72KLFMT) [Debug] 1 [PackageName] WindowsEditor [ProjectName] Editor" joined alternative multi-casting on [225.0.0.222:34997]...

Refreshing native plugins compatible for Editor in 71.08 ms, found 3 plugins.
Preloading 0 native plugins for Editor in 0.00 ms.
Initialize engine version: 2021.3.15f1 (e8e88683f834)
[Subsystems] Discovering subsystems at path C:/Program Files/Unity/Hub/Editor/2021.3.15f1/Editor/Data/Resources/UnitySubsystems
[Subsystems] Discovering subsystems at path C:/work/workplace-unity/SudokuCalculApplication/Assets
GfxDevice: creating device client; threaded=0; jobified=0
Direct3D:
    Version:  Direct3D 11.0 [level 11.1]
    Renderer: NVIDIA GeForce RTX 3060 Laptop GPU (ID=0x2520)
    Vendor:   NVIDIA
    VRAM:     6023 MB
    Driver:   30.0.15.1278
Initialize mono
Mono path[0] = 'C:/Program Files/Unity/Hub/Editor/2021.3.15f1/Editor/Data/Managed'
Mono path[1] = 'C:/Program Files/Unity/Hub/Editor/2021.3.15f1/Editor/Data/MonoBleedingEdge/lib/mono/unityjit-win32'
Mono config path = 'C:/Program Files/Unity/Hub/Editor/2021.3.15f1/Editor/Data/MonoBleedingEdge/etc'
Using monoOptions --debugger-agent=transport=dt_socket,embedding=1,server=y,suspend=n,address=127.0.0.1:56960
Begin MonoManager ReloadAssembly
Registering precompiled unity dll's ...
Register platform support module: C:/Program Files/Unity/Hub/Editor/2021.3.15f1/Editor/Data/PlaybackEngines/WebGLSupport/UnityEditor.WebGL.Extensions.dll
Register platform support module: C:/Program Files/Unity/Hub/Editor/2021.3.15f1/Editor/Data/PlaybackEngines/AndroidPlayer/UnityEditor.Android.Extensions.dll
Register platform support module: C:/Program Files/Unity/Hub/Editor/2021.3.15f1/Editor/Data/PlaybackEngines/WindowsStandaloneSupport/UnityEditor.WindowsStandalone.Extensions.dll
Registered in 0.018613 seconds.
Native extension for WindowsStandalone target not found
Native extension for Android target not found
Native extension for WebGL target not found
Refreshing native plugins compatible for Editor in 64.28 ms, found 3 plugins.
Preloading 0 native plugins for Editor in 0.00 ms.
Mono: successfully reloaded assembly
- Completed reload, in  0.678 seconds
Domain Reload Profiling:
	ReloadAssembly (678ms)
		BeginReloadAssembly (122ms)
			ExecutionOrderSort (0ms)
			DisableScriptedObjects (0ms)
			BackupInstance (0ms)
			ReleaseScriptingObjects (0ms)
			CreateAndSetChildDomain (1ms)
		EndReloadAssembly (432ms)
			LoadAssemblies (120ms)
			RebuildTransferFunctionScriptingTraits (0ms)
			SetupTypeCache (101ms)
			ReleaseScriptCaches (0ms)
			RebuildScriptCaches (20ms)
			SetupLoadedEditorAssemblies (253ms)
				LogAssemblyErrors (0ms)
				InitializePlatformSupportModulesInManaged (61ms)
				SetLoadedEditorAssemblies (0ms)
				RefreshPlugins (64ms)
				BeforeProcessingInitializeOnLoad (3ms)
				ProcessInitializeOnLoadAttributes (78ms)
				ProcessInitializeOnLoadMethodAttributes (46ms)
				AfterProcessingInitializeOnLoad (0ms)
				EditorAssembliesLoaded (0ms)
			ExecutionOrderSort2 (0ms)
			AwakeInstancesAfterBackupRestoration (0ms)
Platform modules already initialized, skipping
Registering precompiled user dll's ...
Registered in 0.013630 seconds.
Android Extension - Scanning For ADB Devices 813 ms
Begin MonoManager ReloadAssembly
Symbol file LoadedFromMemory doesn't match image C:\work\workplace-unity\SudokuCalculApplication\Library\PackageCache\com.unity.visualscripting@1.7.8\Editor\VisualScripting.Core\Dependencies\YamlDotNet\Unity.VisualScripting.YamlDotNet.dll
Symbol file LoadedFromMemory doesn't match image C:\work\workplace-unity\SudokuCalculApplication\Library\PackageCache\com.unity.visualscripting@1.7.8\Editor\VisualScripting.Core\Dependencies\DotNetZip\Unity.VisualScripting.IonicZip.dll
Native extension for WindowsStandalone target not found
Native extension for Android target not found
Native extension for WebGL target not found
Refreshing native plugins compatible for Editor in 0.57 ms, found 3 plugins.
Preloading 0 native plugins for Editor in 0.00 ms.
Mono: successfully reloaded assembly
- Completed reload, in  1.062 seconds
Domain Reload Profiling:
	ReloadAssembly (1063ms)
		BeginReloadAssembly (138ms)
			ExecutionOrderSort (0ms)
			DisableScriptedObjects (5ms)
			BackupInstance (0ms)
			ReleaseScriptingObjects (0ms)
			CreateAndSetChildDomain (20ms)
		EndReloadAssembly (808ms)
			LoadAssemblies (132ms)
			RebuildTransferFunctionScriptingTraits (0ms)
			SetupTypeCache (274ms)
			ReleaseScriptCaches (1ms)
			RebuildScriptCaches (42ms)
			SetupLoadedEditorAssemblies (346ms)
				LogAssemblyErrors (0ms)
				InitializePlatformSupportModulesInManaged (18ms)
				SetLoadedEditorAssemblies (0ms)
				RefreshPlugins (1ms)
				BeforeProcessingInitializeOnLoad (89ms)
				ProcessInitializeOnLoadAttributes (199ms)
				ProcessInitializeOnLoadMethodAttributes (22ms)
				AfterProcessingInitializeOnLoad (17ms)
				EditorAssembliesLoaded (0ms)
			ExecutionOrderSort2 (0ms)
			AwakeInstancesAfterBackupRestoration (12ms)
Platform modules already initialized, skipping
========================================================================
Worker process is ready to serve import requests
Launched and connected shader compiler UnityShaderCompiler.exe after 0.08 seconds
Refreshing native plugins compatible for Editor in 0.81 ms, found 3 plugins.
Preloading 0 native plugins for Editor in 0.00 ms.
Unloading 3412 Unused Serialized files (Serialized files now loaded: 0)
Unloading 27 unused Assets / (113.3 KB). Loaded Objects now: 3872.
Memory consumption went from 119.2 MB to 119.1 MB.
Total: 3.695600 ms (FindLiveObjects: 0.317600 ms CreateObjectMapping: 0.223400 ms MarkObjects: 3.039800 ms  DeleteObjects: 0.113600 ms)

AssetImportParameters requested are different than current active one (requested -> active):
  custom:video-decoder-ogg-theora: a1e56fd34408186e4bbccfd4996cb3dc -> 
  custom:container-muxer-webm: aa71ff27fc2769a1b78a27578f13a17b -> 
  custom:container-demuxer-webm: 4f35f7cbe854078d1ac9338744f61a02 -> 
  custom:video-encoder-webm-vp8: eb34c28f22e8b96e1ab97ce403110664 -> 
  custom:audio-encoder-webm-vorbis: bf7c407c2cedff20999df2af8eb42d56 -> 
  custom:framework-win-MediaFoundation: 216162199b28c13a410421893ffa2e32 -> 
  custom:container-demuxer-ogg: 62fdf1f143b41e24485cea50d1cbac27 -> 
  custom:video-decoder-webm-vp8: 9c59270c3fd7afecdb556c50c9e8de78 -> 
  custom:audio-decoder-ogg-vorbis: bf7c407c2cedff20999df2af8eb42d56 -> 
========================================================================
Received Import Request.
  Time since last request: 172156.617254 seconds.
  path: Assets/Dark UI/Prefabs Panel/Inventory Panel.prefab
  artifactKey: Guid(7b9531949e32e694493f68b06afcf377) Importer(815301076,1909f56bfc062723c751e8b465ee728b)
Start importing Assets/Dark UI/Prefabs Panel/Inventory Panel.prefab using Guid(7b9531949e32e694493f68b06afcf377) Importer(815301076,1909f56bfc062723c751e8b465ee728b)  -> (artifact id: '3b71cdd153ba99ef8c9032fa4687c825') in 0.083389 seconds 
========================================================================
Received Import Request.
  Time since last request: 0.000077 seconds.
  path: Assets/Dark UI/Prefabs Panel/Settings.prefab
  artifactKey: Guid(f9388a690e3af3a4eb91e6679ea0affd) Importer(815301076,1909f56bfc062723c751e8b465ee728b)
Start importing Assets/Dark UI/Prefabs Panel/Settings.prefab using Guid(f9388a690e3af3a4eb91e6679ea0affd) Importer(815301076,1909f56bfc062723c751e8b465ee728b)  -> (artifact id: '5de327b68232acc14ca86a5fe725e8d9') in 0.018179 seconds 
========================================================================
Received Import Request.
  Time since last request: 0.000033 seconds.
  path: Assets/Dark UI/Prefabs Panel/Win.prefab
  artifactKey: Guid(0d8b9493ff4401d43bc6ea9f344235d5) Importer(815301076,1909f56bfc062723c751e8b465ee728b)
Start importing Assets/Dark UI/Prefabs Panel/Win.prefab using Guid(0d8b9493ff4401d43bc6ea9f344235d5) Importer(815301076,1909f56bfc062723c751e8b465ee728b)  -> (artifact id: '2f721c48e869f3124ae4b78eb4e21c9f') in 0.012914 seconds 
========================================================================
Received Import Request.
  Time since last request: 0.000054 seconds.
  path: Assets/Dark UI/Prefabs Panel/Missions.prefab
  artifactKey: Guid(88bfb9db2b5e692439d24a9c469a31b9) Importer(815301076,1909f56bfc062723c751e8b465ee728b)
Start importing Assets/Dark UI/Prefabs Panel/Missions.prefab using Guid(88bfb9db2b5e692439d24a9c469a31b9) Importer(815301076,1909f56bfc062723c751e8b465ee728b)  -> (artifact id: '57e0e24f84002cdeb75e0de90929ae6a') in 0.024509 seconds 
========================================================================
Received Import Request.
  Time since last request: 5.666115 seconds.
  path: Assets/Dark UI/Prefabs Buttons/Info Button.prefab
  artifactKey: Guid(54438c6f0e116ac4eb3b7f02368e4ccc) Importer(815301076,1909f56bfc062723c751e8b465ee728b)
Start importing Assets/Dark UI/Prefabs Buttons/Info Button.prefab using Guid(54438c6f0e116ac4eb3b7f02368e4ccc) Importer(815301076,1909f56bfc062723c751e8b465ee728b)  -> (artifact id: '7c36137ec0122a6048780cdce08a7ed4') in 0.010544 seconds 
========================================================================
Received Import Request.
  Time since last request: 0.000026 seconds.
  path: Assets/Dark UI/Prefabs Buttons/Music.prefab
  artifactKey: Guid(ab21d8b2955e7214da58a9623ed6830c) Importer(815301076,1909f56bfc062723c751e8b465ee728b)
Start importing Assets/Dark UI/Prefabs Buttons/Music.prefab using Guid(ab21d8b2955e7214da58a9623ed6830c) Importer(815301076,1909f56bfc062723c751e8b465ee728b)  -> (artifact id: 'c3ce1b0a10e45485729de27cacc044d1') in 0.012719 seconds 
========================================================================
Received Import Request.
  Time since last request: 0.000028 seconds.
  path: Assets/Dark UI/Prefabs Buttons/Ranking Button.prefab
  artifactKey: Guid(7d456eabe338b954cad35537f8d6df48) Importer(815301076,1909f56bfc062723c751e8b465ee728b)
Start importing Assets/Dark UI/Prefabs Buttons/Ranking Button.prefab using Guid(7d456eabe338b954cad35537f8d6df48) Importer(815301076,1909f56bfc062723c751e8b465ee728b)  -> (artifact id: 'cb82faefbc2efc6127d1edd72ee52c42') in 0.013599 seconds 
========================================================================
Received Import Request.
  Time since last request: 0.000030 seconds.
  path: Assets/Dark UI/Prefabs Buttons/Notification.prefab
  artifactKey: Guid(9b93e0873a7ba034697ab5143e50d1c8) Importer(815301076,1909f56bfc062723c751e8b465ee728b)
Start importing Assets/Dark UI/Prefabs Buttons/Notification.prefab using Guid(9b93e0873a7ba034697ab5143e50d1c8) Importer(815301076,1909f56bfc062723c751e8b465ee728b)  -> (artifact id: 'bd8f511afd320ba4691b63b1cda031a8') in 0.013438 seconds 
========================================================================
Received Import Request.
  Time since last request: 0.000053 seconds.
  path: Assets/Dark UI/Prefabs Buttons/Send Hearts BTN.prefab
  artifactKey: Guid(b8c0210eb1b69384582a552cf8f93406) Importer(815301076,1909f56bfc062723c751e8b465ee728b)
Start importing Assets/Dark UI/Prefabs Buttons/Send Hearts BTN.prefab using Guid(b8c0210eb1b69384582a552cf8f93406) Importer(815301076,1909f56bfc062723c751e8b465ee728b)  -> (artifact id: 'df42622505ded5991fa75a25c7701303') in 0.013363 seconds 
========================================================================
Received Import Request.
  Time since last request: 0.000035 seconds.
  path: Assets/Dark UI/Prefabs Buttons/Settings Button.prefab
  artifactKey: Guid(c996fd272fe74104f85efe41552eb389) Importer(815301076,1909f56bfc062723c751e8b465ee728b)
Start importing Assets/Dark UI/Prefabs Buttons/Settings Button.prefab using Guid(c996fd272fe74104f85efe41552eb389) Importer(815301076,1909f56bfc062723c751e8b465ee728b)  -> (artifact id: 'a2abbfddc61b982840a75b4f1f938b7b') in 0.012096 seconds 
========================================================================
Received Import Request.
  Time since last request: 1.886544 seconds.
  path: Assets/Dark UI/Free/64 Light 2.png
  artifactKey: Guid(91db8970c28d4a344beff5618f7a0ca3) Importer(815301076,1909f56bfc062723c751e8b465ee728b)
Start importing Assets/Dark UI/Free/64 Light 2.png using Guid(91db8970c28d4a344beff5618f7a0ca3) Importer(815301076,1909f56bfc062723c751e8b465ee728b)  -> (artifact id: 'd50b18f37013c414ad0580ab7e583569') in 0.123824 seconds 
========================================================================
Received Import Request.
  Time since last request: 0.000030 seconds.
  path: Assets/Dark UI/Free/CIRCLE4PXMED.png
  artifactKey: Guid(ec6eebcb88fa2314796ef9605c6a43e7) Importer(815301076,1909f56bfc062723c751e8b465ee728b)
Start importing Assets/Dark UI/Free/CIRCLE4PXMED.png using Guid(ec6eebcb88fa2314796ef9605c6a43e7) Importer(815301076,1909f56bfc062723c751e8b465ee728b)  -> (artifact id: '4c88823157bbacee64e10129d525ee9e') in 0.031275 seconds 
========================================================================
Received Import Request.
  Time since last request: 0.000045 seconds.
  path: Assets/Dark UI/Free/Add Icon.png
  artifactKey: Guid(25534d7e0c9de5646aee54d576a28388) Importer(815301076,1909f56bfc062723c751e8b465ee728b)
Start importing Assets/Dark UI/Free/Add Icon.png using Guid(25534d7e0c9de5646aee54d576a28388) Importer(815301076,1909f56bfc062723c751e8b465ee728b)  -> (artifact id: '0193398216c54962dbdc0d1af2ad3491') in 0.032683 seconds 
========================================================================
Received Import Request.
  Time since last request: 0.000029 seconds.
  path: Assets/Dark UI/Free/CIRCLE4PXLAR.png
  artifactKey: Guid(1d02c027313a6514a849aa45aed65be6) Importer(815301076,1909f56bfc062723c751e8b465ee728b)
Start importing Assets/Dark UI/Free/CIRCLE4PXLAR.png using Guid(1d02c027313a6514a849aa45aed65be6) Importer(815301076,1909f56bfc062723c751e8b465ee728b)  -> (artifact id: '637fdd35a83eecf9926d2f370bf4d2be') in 0.033445 seconds 
========================================================================
Received Import Request.
  Time since last request: 0.000051 seconds.
  path: Assets/Dark UI/Free/A.png
  artifactKey: Guid(0f9aff9d1d5411d419a50a1f33efcf25) Importer(815301076,1909f56bfc062723c751e8b465ee728b)
Start importing Assets/Dark UI/Free/A.png using Guid(0f9aff9d1d5411d419a50a1f33efcf25) Importer(815301076,1909f56bfc062723c751e8b465ee728b)  -> (artifact id: '41965f061e7a440ed823c70813e8bce9') in 0.027863 seconds 
========================================================================
Received Import Request.
  Time since last request: 0.000031 seconds.
  path: Assets/Dark UI/Free/CIRCLE2PXSMALL.png
  artifactKey: Guid(9e64140fa412af443b31a21fedffc096) Importer(815301076,1909f56bfc062723c751e8b465ee728b)
Start importing Assets/Dark UI/Free/CIRCLE2PXSMALL.png using Guid(9e64140fa412af443b31a21fedffc096) Importer(815301076,1909f56bfc062723c751e8b465ee728b)  -> (artifact id: 'c31cb81ba55c100e7a934d26529b6cd9') in 0.022112 seconds 
========================================================================
Received Import Request.
  Time since last request: 0.000037 seconds.
  path: Assets/Dark UI/Free/ButtonSmallRound.png
  artifactKey: Guid(04c64e19d8f8f0140837c8a6b21c358d) Importer(815301076,1909f56bfc062723c751e8b465ee728b)
Start importing Assets/Dark UI/Free/ButtonSmallRound.png using Guid(04c64e19d8f8f0140837c8a6b21c358d) Importer(815301076,1909f56bfc062723c751e8b465ee728b)  -> (artifact id: '4f6bd2302df6514805c438974cea491a') in 0.024878 seconds 
========================================================================
Received Import Request.
  Time since last request: 0.000044 seconds.
  path: Assets/Dark UI/Free/CIRCLE4PXSMA.png
  artifactKey: Guid(572955b2fc805584aaa343215e806606) Importer(815301076,1909f56bfc062723c751e8b465ee728b)
Start importing Assets/Dark UI/Free/CIRCLE4PXSMA.png using Guid(572955b2fc805584aaa343215e806606) Importer(815301076,1909f56bfc062723c751e8b465ee728b)  -> (artifact id: '96ecae360f9284ad8928505fcea512c8') in 0.023134 seconds 
========================================================================
Received Import Request.
  Time since last request: 0.051914 seconds.
  path: Assets/Dark UI/Free/Down Arrow.png
  artifactKey: Guid(4fa7a2c5ad85feb4991c2ddc865d25c7) Importer(815301076,1909f56bfc062723c751e8b465ee728b)
Start importing Assets/Dark UI/Free/Down Arrow.png using Guid(4fa7a2c5ad85feb4991c2ddc865d25c7) Importer(815301076,1909f56bfc062723c751e8b465ee728b)  -> (artifact id: '7921f9a0abd2bb178ae6c6771f7c8c1d') in 0.017989 seconds 
========================================================================
Received Import Request.
  Time since last request: 0.000030 seconds.
  path: Assets/Dark UI/Free/E.png
  artifactKey: Guid(8199e973785f2184594e575e5967e818) Importer(815301076,1909f56bfc062723c751e8b465ee728b)
Start importing Assets/Dark UI/Free/E.png using Guid(8199e973785f2184594e575e5967e818) Importer(815301076,1909f56bfc062723c751e8b465ee728b)  -> (artifact id: '14a22363d4e1d207ab2f54c5dbf07b53') in 0.023645 seconds 
========================================================================
Received Import Request.
  Time since last request: 0.000038 seconds.
  path: Assets/Dark UI/Free/Inventory.png
  artifactKey: Guid(a551bf3edbe49704a99e4114483bcdbb) Importer(815301076,1909f56bfc062723c751e8b465ee728b)
Start importing Assets/Dark UI/Free/Inventory.png using Guid(a551bf3edbe49704a99e4114483bcdbb) Importer(815301076,1909f56bfc062723c751e8b465ee728b)  -> (artifact id: '78976a3da01fd332268b54c92b9d30b6') in 0.023983 seconds 
========================================================================
Received Import Request.
  Time since last request: 0.000026 seconds.
  path: Assets/Dark UI/Free/Lock.png
  artifactKey: Guid(f9e4c141412ca6345963f9ece84aae0a) Importer(815301076,1909f56bfc062723c751e8b465ee728b)
Start importing Assets/Dark UI/Free/Lock.png using Guid(f9e4c141412ca6345963f9ece84aae0a) Importer(815301076,1909f56bfc062723c751e8b465ee728b)  -> (artifact id: '831662b4632d5dd0f92c3140514007c1') in 0.021386 seconds 
========================================================================
Received Import Request.
  Time since last request: 0.000054 seconds.
  path: Assets/Dark UI/Free/Facebook.png
  artifactKey: Guid(b12df616c3582fd4faba65f7fac51968) Importer(815301076,1909f56bfc062723c751e8b465ee728b)
Start importing Assets/Dark UI/Free/Facebook.png using Guid(b12df616c3582fd4faba65f7fac51968) Importer(815301076,1909f56bfc062723c751e8b465ee728b)  -> (artifact id: '3d6c81b87846b21f87c6772b2c1bda03') in 0.025439 seconds 
========================================================================
Received Import Request.
  Time since last request: 0.000038 seconds.
  path: Assets/Dark UI/Free/Left Arrow.png
  artifactKey: Guid(210e6a7b28c57aa4e9408866e861895c) Importer(815301076,1909f56bfc062723c751e8b465ee728b)
Start importing Assets/Dark UI/Free/Left Arrow.png using Guid(210e6a7b28c57aa4e9408866e861895c) Importer(815301076,1909f56bfc062723c751e8b465ee728b)  -> (artifact id: '25f2782df115da47626abdfad032a967') in 0.019237 seconds 
========================================================================
Received Import Request.
  Time since last request: 0.284581 seconds.
  path: Assets/Dark UI/Free/Star.png
  artifactKey: Guid(58077e7d7c1f69e448677d19dddcbc9c) Importer(815301076,1909f56bfc062723c751e8b465ee728b)
Start importing Assets/Dark UI/Free/Star.png using Guid(58077e7d7c1f69e448677d19dddcbc9c) Importer(815301076,1909f56bfc062723c751e8b465ee728b)  -> (artifact id: '245dedba875b7f182a8662a1bf2bbad6') in 0.018600 seconds 
========================================================================
Received Import Request.
  Time since last request: 0.000027 seconds.
  path: Assets/Dark UI/Free/Up Arrow.png
  artifactKey: Guid(bdfcd00e719df654886a535178587f29) Importer(815301076,1909f56bfc062723c751e8b465ee728b)
Start importing Assets/Dark UI/Free/Up Arrow.png using Guid(bdfcd00e719df654886a535178587f29) Importer(815301076,1909f56bfc062723c751e8b465ee728b)  -> (artifact id: 'd7bb906bb20c37f7c87b366b3223c71e') in 0.022606 seconds 
========================================================================
Received Prepare
Refreshing native plugins compatible for Editor in 7.77 ms, found 3 plugins.
Preloading 0 native plugins for Editor in 0.00 ms.
Unloading 20 Unused Serialized files (Serialized files now loaded: 0)
Unloading 24 unused Assets / (80.1 KB). Loaded Objects now: 3901.
Memory consumption went from 55.1 MB to 55.1 MB.
Total: 3.256800 ms (FindLiveObjects: 0.293200 ms CreateObjectMapping: 0.096000 ms MarkObjects: 2.768400 ms  DeleteObjects: 0.098400 ms)

AssetImportParameters requested are different than current active one (requested -> active):
  custom:video-decoder-ogg-theora: a1e56fd34408186e4bbccfd4996cb3dc -> 
  custom:container-muxer-webm: aa71ff27fc2769a1b78a27578f13a17b -> 
  custom:container-demuxer-webm: 4f35f7cbe854078d1ac9338744f61a02 -> 
  custom:video-encoder-webm-vp8: eb34c28f22e8b96e1ab97ce403110664 -> 
  custom:audio-encoder-webm-vorbis: bf7c407c2cedff20999df2af8eb42d56 -> 
  custom:framework-win-MediaFoundation: 216162199b28c13a410421893ffa2e32 -> 
  custom:container-demuxer-ogg: 62fdf1f143b41e24485cea50d1cbac27 -> 
  custom:video-decoder-webm-vp8: 9c59270c3fd7afecdb556c50c9e8de78 -> 
  custom:audio-decoder-ogg-vorbis: bf7c407c2cedff20999df2af8eb42d56 -> 
========================================================================
Received Prepare
Refreshing native plugins compatible for Editor in 8.11 ms, found 3 plugins.
Preloading 0 native plugins for Editor in 0.00 ms.
Unloading 20 Unused Serialized files (Serialized files now loaded: 0)
Unloading 20 unused Assets / (77.6 KB). Loaded Objects now: 3901.
Memory consumption went from 55.1 MB to 55.0 MB.
Total: 3.986200 ms (FindLiveObjects: 0.256000 ms CreateObjectMapping: 0.092300 ms MarkObjects: 3.539600 ms  DeleteObjects: 0.097400 ms)

AssetImportParameters requested are different than current active one (requested -> active):
  custom:video-decoder-ogg-theora: a1e56fd34408186e4bbccfd4996cb3dc -> 
  custom:container-muxer-webm: aa71ff27fc2769a1b78a27578f13a17b -> 
  custom:container-demuxer-webm: 4f35f7cbe854078d1ac9338744f61a02 -> 
  custom:video-encoder-webm-vp8: eb34c28f22e8b96e1ab97ce403110664 -> 
  custom:audio-encoder-webm-vorbis: bf7c407c2cedff20999df2af8eb42d56 -> 
  custom:framework-win-MediaFoundation: 216162199b28c13a410421893ffa2e32 -> 
  custom:container-demuxer-ogg: 62fdf1f143b41e24485cea50d1cbac27 -> 
  custom:video-decoder-webm-vp8: 9c59270c3fd7afecdb556c50c9e8de78 -> 
  custom:audio-decoder-ogg-vorbis: bf7c407c2cedff20999df2af8eb42d56 -> 
========================================================================
Received Prepare
Refreshing native plugins compatible for Editor in 7.21 ms, found 3 plugins.
Preloading 0 native plugins for Editor in 0.00 ms.
Unloading 20 Unused Serialized files (Serialized files now loaded: 0)
Unloading 20 unused Assets / (77.4 KB). Loaded Objects now: 3901.
Memory consumption went from 55.1 MB to 55.0 MB.
Total: 3.366900 ms (FindLiveObjects: 0.293900 ms CreateObjectMapping: 0.112700 ms MarkObjects: 2.883200 ms  DeleteObjects: 0.076600 ms)

AssetImportParameters requested are different than current active one (requested -> active):
  custom:video-decoder-ogg-theora: a1e56fd34408186e4bbccfd4996cb3dc -> 
  custom:container-muxer-webm: aa71ff27fc2769a1b78a27578f13a17b -> 
  custom:container-demuxer-webm: 4f35f7cbe854078d1ac9338744f61a02 -> 
  custom:video-encoder-webm-vp8: eb34c28f22e8b96e1ab97ce403110664 -> 
  custom:audio-encoder-webm-vorbis: bf7c407c2cedff20999df2af8eb42d56 -> 
  custom:framework-win-MediaFoundation: 216162199b28c13a410421893ffa2e32 -> 
  custom:container-demuxer-ogg: 62fdf1f143b41e24485cea50d1cbac27 -> 
  custom:video-decoder-webm-vp8: 9c59270c3fd7afecdb556c50c9e8de78 -> 
  custom:audio-decoder-ogg-vorbis: bf7c407c2cedff20999df2af8eb42d56 -> 
========================================================================
Received Prepare
Refreshing native plugins compatible for Editor in 6.99 ms, found 3 plugins.
Preloading 0 native plugins for Editor in 0.00 ms.
Unloading 20 Unused Serialized files (Serialized files now loaded: 0)
Unloading 20 unused Assets / (77.5 KB). Loaded Objects now: 3901.
Memory consumption went from 55.1 MB to 55.0 MB.
Total: 2.689300 ms (FindLiveObjects: 0.231400 ms CreateObjectMapping: 0.079200 ms MarkObjects: 2.314700 ms  DeleteObjects: 0.063500 ms)

AssetImportParameters requested are different than current active one (requested -> active):
  custom:video-decoder-ogg-theora: a1e56fd34408186e4bbccfd4996cb3dc -> 
  custom:container-muxer-webm: aa71ff27fc2769a1b78a27578f13a17b -> 
  custom:container-demuxer-webm: 4f35f7cbe854078d1ac9338744f61a02 -> 
  custom:video-encoder-webm-vp8: eb34c28f22e8b96e1ab97ce403110664 -> 
  custom:audio-encoder-webm-vorbis: bf7c407c2cedff20999df2af8eb42d56 -> 
  custom:framework-win-MediaFoundation: 216162199b28c13a410421893ffa2e32 -> 
  custom:container-demuxer-ogg: 62fdf1f143b41e24485cea50d1cbac27 -> 
  custom:video-decoder-webm-vp8: 9c59270c3fd7afecdb556c50c9e8de78 -> 
  custom:audio-decoder-ogg-vorbis: bf7c407c2cedff20999df2af8eb42d56 -> 
========================================================================
Received Prepare
Refreshing native plugins compatible for Editor in 8.45 ms, found 3 plugins.
Preloading 0 native plugins for Editor in 0.00 ms.
Unloading 20 Unused Serialized files (Serialized files now loaded: 0)
Unloading 20 unused Assets / (77.4 KB). Loaded Objects now: 3901.
Memory consumption went from 55.1 MB to 55.0 MB.
Total: 4.374300 ms (FindLiveObjects: 0.690500 ms CreateObjectMapping: 0.111900 ms MarkObjects: 3.484700 ms  DeleteObjects: 0.085700 ms)

AssetImportParameters requested are different than current active one (requested -> active):
  custom:video-decoder-ogg-theora: a1e56fd34408186e4bbccfd4996cb3dc -> 
  custom:container-muxer-webm: aa71ff27fc2769a1b78a27578f13a17b -> 
  custom:container-demuxer-webm: 4f35f7cbe854078d1ac9338744f61a02 -> 
  custom:video-encoder-webm-vp8: eb34c28f22e8b96e1ab97ce403110664 -> 
  custom:audio-encoder-webm-vorbis: bf7c407c2cedff20999df2af8eb42d56 -> 
  custom:framework-win-MediaFoundation: 216162199b28c13a410421893ffa2e32 -> 
  custom:container-demuxer-ogg: 62fdf1f143b41e24485cea50d1cbac27 -> 
  custom:video-decoder-webm-vp8: 9c59270c3fd7afecdb556c50c9e8de78 -> 
  custom:audio-decoder-ogg-vorbis: bf7c407c2cedff20999df2af8eb42d56 -> 
